# Chunk-averaged data for fix fchT and group file
# Timestep Number-of-chunks Total-count
# Chunk Coord1 Ncount v_temp
20000 51 94314
  1 0.71415 944 196.119
  2 10.7142 1888 213.071
  3 20.7142 1888 219.504
  4 30.7142 1888 217.7
  5 40.7142 1888 218.391
  6 50.7142 1888 218.203
  7 60.7142 1888 215.69
  8 70.7142 1888 214.275
  9 80.7142 1888 211.353
  10 90.7142 1888 206.164
  11 100.714 1888 197.308
  12 110.714 1888 186.545
  13 120.714 1888.01 179.559
  14 130.714 1888.33 174.012
  15 140.714 1890.41 170.441
  16 150.714 1895.52 168.386
  17 160.714 1904.81 167.173
  18 170.714 1917.92 165.119
  19 180.714 1928.84 164.568
  20 190.714 1927.44 172.163
  21 200.714 1909.59 180.34
  22 210.714 1899.11 198.827
  23 220.714 1894.03 191.171
  24 230.714 1886.38 188.939
  25 240.714 1903.01 165.396
  26 250.714 1877.59 161.479
  27 260.714 1884.6 165.757
  28 270.714 1887.21 190.016
  29 280.714 1886.14 199.008
  30 290.714 1884.64 195.192
  31 300.714 1886.07 186.767
  32 310.714 1885.14 171.268
  33 320.714 1885.36 143.205
  34 330.714 1886 133.998
  35 340.714 1885.99 127.783
  36 350.714 1885.19 124.789
  37 360.714 1885.91 121.344
  38 370.714 1886.93 118.662
  39 380.714 1887.33 114.797
  40 390.714 1887.55 109.898
  41 400.714 1887.56 101.982
  42 410.714 1887.61 95.1424
  43 420.714 1887.8 90.2702
  44 430.714 1887.99 86.7013
  45 440.714 1888 83.87
  46 450.714 1888 81.8124
  47 460.714 1888 80.2054
  48 470.714 1888 79.4734
  49 480.714 1888 79.034
  50 490.714 1888 79.8956
  51 500.714 708 86.0162
30000 51 94314
  1 0.71415 863.981 3066.68
  2 10.7142 1650.26 2422.89
  3 20.7142 1801.66 2370.07
  4 30.7142 1854.9 2265.96
  5 40.7142 1862.5 2119.04
  6 50.7142 1879.88 2049.96
  7 60.7142 1921.17 2101.43
  8 70.7142 1884.83 1793.57
  9 80.7142 1925.06 1746.93
  10 90.7142 1915.19 1693.4
  11 100.714 1943.85 1853.6
  12 110.714 1946.86 1796.74
  13 120.714 1927.17 1558.04
  14 130.714 1869.35 1314.2
  15 140.714 1846.85 1246.74
  16 150.714 1882.29 1304.32
  17 160.714 1925.95 1348.49
  18 170.714 1933.31 1400.9
  19 180.714 1927.85 1384.61
  20 190.714 1891.05 1159.89
  21 200.714 1918.13 1009.86
  22 210.714 1909.97 937.849
  23 220.714 1914.44 944.107
  24 230.714 1910.44 884.427
  25 240.714 1944.31 876.243
  26 250.714 1927.55 946.976
  27 260.714 1950.16 917.988
  28 270.714 1985.52 978.122
  29 280.714 1938.76 975.98
  30 290.714 1978.92 1167.8
  31 300.714 1945.79 1231.94
  32 310.714 1943.54 1239.91
  33 320.714 1919.67 1214.41
  34 330.714 1893.88 1262.06
  35 340.714 1903.81 1357.37
  36 350.714 1896.12 1371.48
  37 360.714 1918.59 1363.3
  38 370.714 1932.55 1417.35
  39 380.714 1924.86 1527.72
  40 390.714 1925.26 1538.6
  41 400.714 1890.35 1516.99
  42 410.714 1881.36 1555.31
  43 420.714 1882.54 1574.59
  44 430.714 1854.44 1645.29
  45 440.714 1851.64 1711.53
  46 450.714 1865.74 1954.12
  47 460.714 1904.44 2148.4
  48 470.714 1889.18 2189.7
  49 480.714 1747.6 2232.13
  50 490.714 1654.38 2400
  51 500.714 656.1 3007.75
40000 51 94314
  1 0.71415 739.541 5414.84
  2 10.7142 981.487 4168.64
  3 20.7142 1261.54 3380.48
  4 30.7142 1520.49 3096.66
  5 40.7142 1577.13 2830.56
  6 50.7142 1743.53 2750.15
  7 60.7142 1788.53 2805.05
  8 70.7142 1891.47 2769.22
  9 80.7142 2044.89 2623.91
  10 90.7142 2192.64 2504.04
  11 100.714 2179.14 2567.76
  12 110.714 2057.07 2353.82
  13 120.714 2057.38 2180.89
  14 130.714 1998.54 2023.02
  15 140.714 1925.84 1873.68
  16 150.714 1937.85 1756.07
  17 160.714 1977.1 1626.08
  18 170.714 1976.18 1616.15
  19 180.714 1895.42 1493.6
  20 190.714 1961.62 1444.58
  21 200.714 2037.75 1487.48
  22 210.714 2013.84 1477.65
  23 220.714 1983.5 1413.85
  24 230.714 1975.97 1323.4
  25 240.714 2107.71 1343.79
  26 250.714 2051.75 1327.63
  27 260.714 2095.34 1441.01
  28 270.714 2205.61 1625.64
  29 280.714 2160.89 1606.51
  30 290.714 2281.95 1602.19
  31 300.714 1977.07 1540.58
  32 310.714 1995.19 1552.55
  33 320.714 1993.08 1593.09
  34 330.714 2004.67 1662.16
  35 340.714 2039.21 1800.3
  36 350.714 2008.93 1689.59
  37 360.714 2066.13 1738.86
  38 370.714 2023.4 1822.2
  39 380.714 2065.4 2016.79
  40 390.714 1989.72 2031.85
  41 400.714 1949.24 2050.39
  42 410.714 1955.16 2117.7
  43 420.714 1956.19 2373.38
  44 430.714 1890.75 2473.11
  45 440.714 1816.18 2664.93
  46 450.714 1756.7 2868.83
  47 460.714 1709.56 2871.55
  48 470.714 1513.09 2896.35
  49 480.714 1183.33 3375.6
  50 490.714 1183.4 4322.75
  51 500.714 615.913 5428.03
50000 51 94314
  1 0.71415 637.257 4522.57
  2 10.7142 894.627 3484.69
  3 20.7142 1139.4 3125.75
  4 30.7142 1391.52 2960.89
  5 40.7142 1471.29 2664.52
  6 50.7142 1508.28 2286.93
  7 60.7142 1654.17 2423.32
  8 70.7142 1764.89 2504.43
  9 80.7142 1839.15 2470.75
  10 90.7142 1946.15 2265.44
  11 100.714 2115.5 2432.14
  12 110.714 2149.52 2419
  13 120.714 2069.59 2163.27
  14 130.714 2139.18 2201.4
  15 140.714 2060.85 2124.29
  16 150.714 1954.45 2022.37
  17 160.714 2078.78 1979.67
  18 170.714 2060.4 1911.28
  19 180.714 2030.23 1824.53
  20 190.714 2035.49 1837.07
  21 200.714 2085.11 1884.4
  22 210.714 2026.16 1843.07
  23 220.714 2009.41 1758.35
  24 230.714 2066.16 1748.85
  25 240.714 2098.59 1750.26
  26 250.714 2160.48 1731.64
  27 260.714 2209.49 1699.18
  28 270.714 2356.13 1802.53
  29 280.714 2312.66 1729.29
  30 290.714 2405.03 1773.69
  31 300.714 2248.48 1795.35
  32 310.714 2058.25 1841.79
  33 320.714 2107.73 1899.28
  34 330.714 2184.11 1889.2
  35 340.714 2124.81 1859.05
  36 350.714 2050.14 1815.34
  37 360.714 2040.56 1828.4
  38 370.714 2086.33 1924.47
  39 380.714 2094.84 2020.35
  40 390.714 2027.68 2082.72
  41 400.714 2016.93 2144.42
  42 410.714 1972.65 2231.16
  43 420.714 1920.83 2276.89
  44 430.714 1869.99 2448.45
  45 440.714 1734 2487.49
  46 450.714 1608.96 2444.58
  47 460.714 1438.8 2270.93
  48 470.714 1282.91 2499.94
  49 480.714 1061.6 3053.03
  50 490.714 1140.62 3621.27
  51 500.714 573.829 4592.79
